<?xml version="1.0" encoding="UTF-8"?>
<testsuite xmlns:xsi="http://www.w3.org/2001/XMLSchema-instance" xsi:noNamespaceSchemaLocation="https://maven.apache.org/surefire/maven-surefire-plugin/xsd/surefire-test-report-3.0.xsd" version="3.0" name="com.authdog.exceptions.ExceptionTest" time="0.029" tests="14" errors="0" skipped="0" failures="0">
  <properties>
[...]
</properties>
  <testcase name="testExceptionWithEmptyMessage" classname="com.authdog.exceptions.ExceptionTest" time="0.001"/>
  <testcase name="testAuthdogExceptionWithMessageAndCause" classname="com.authdog.exceptions.ExceptionTest" time="0.001"/>
  <testcase name="testExceptionEquality" classname="com.authdog.exceptions.ExceptionTest" time="0.001"/>
  <testcase name="testExceptionWithNullMessage" classname="com.authdog.exceptions.ExceptionTest" time="0.001"/>
  <testcase name="testApiExceptionWithMessageAndCause" classname="com.authdog.exceptions.ExceptionTest" time="0.001"/>
  <testcase name="testExceptionTypes" classname="com.authdog.exceptions.ExceptionTest" time="0.003"/>
  <testcase name="testAuthdogExceptionWithMessage" classname="com.authdog.exceptions.ExceptionTest" time="0.001"/>
  <testcase name="testExceptionChaining" classname="com.authdog.exceptions.ExceptionTest" time="0.0"/>
  <testcase name="testExceptionStackTrace" classname="com.authdog.exceptions.ExceptionTest" time="0.001"/>
  <testcase name="testAuthenticationExceptionWithMessage" classname="com.authdog.exceptions.ExceptionTest" time="0.0"/>
  <testcase name="testExceptionInheritance" classname="com.authdog.exceptions.ExceptionTest" time="0.001"/>
  <testcase name="testExceptionToString" classname="com.authdog.exceptions.ExceptionTest" time="0.001"/>
  <testcase name="testAuthenticationExceptionWithMessageAndCause" classname="com.authdog.exceptions.ExceptionTest" time="0.001"/>
  <testcase name="testApiExceptionWithMessage" classname="com.authdog.exceptions.ExceptionTest" time="0.001"/>
</testsuite>